c:\users\student\desktop\win32project11\debug\vc140.pdb
c:\users\student\desktop\win32project11\debug\vc140.idb
c:\users\student\desktop\win32project11\debug\life.obj
c:\users\student\desktop\win32project11\debug\light.obj
c:\users\student\desktop\win32project11\debug\main.obj
c:\users\student\desktop\win32project11\debug\manager.obj
c:\users\student\desktop\win32project11\debug\meshfield.obj
c:\users\student\desktop\win32project11\debug\meshwall.obj
c:\users\student\desktop\win32project11\debug\number.obj
c:\users\student\desktop\win32project11\debug\particle.obj
c:\users\student\desktop\win32project11\debug\pause.obj
c:\users\student\desktop\win32project11\debug\player.obj
c:\users\student\desktop\win32project11\debug\ranking.obj
c:\users\student\desktop\win32project11\debug\renderer.obj
c:\users\student\desktop\win32project11\debug\result.obj
c:\users\student\desktop\win32project11\debug\scene.obj
c:\users\student\desktop\win32project11\debug\scene2d.obj
c:\users\student\desktop\win32project11\debug\score.obj
c:\users\student\desktop\win32project11\debug\sound.obj
c:\users\student\desktop\win32project11\debug\title.obj
c:\users\student\desktop\win32project11\debug\tutorial.obj
c:\users\student\desktop\win32project11\debug\ui.obj
c:\users\student\desktop\win32project11\debug\bg.obj
c:\users\student\desktop\win32project11\debug\bomb.obj
c:\users\student\desktop\win32project11\debug\bullet.obj
c:\users\student\desktop\win32project11\debug\camera.obj
c:\users\student\desktop\win32project11\debug\circlehp.obj
c:\users\student\desktop\win32project11\debug\effect.obj
c:\users\student\desktop\win32project11\debug\enemy.obj
c:\users\student\desktop\win32project11\debug\experience.obj
c:\users\student\desktop\win32project11\debug\explosion.obj
c:\users\student\desktop\win32project11\debug\fade.obj
c:\users\student\desktop\win32project11\debug\game.obj
c:\users\student\desktop\win32project11\debug\gamepad.obj
c:\users\student\desktop\win32project11\debug\graze.obj
c:\users\student\desktop\win32project11\debug\hp.obj
c:\users\student\desktop\win32project11\debug\input.obj
c:\users\student\desktop\win32project11\debug\laser.obj
c:\users\student\desktop\win32project11\debug\playerattack.obj
c:\users\student\desktop\win32project11\debug\directing.obj
c:\users\student\desktop\win32project11\debug\win32project11.ilk
c:\users\student\desktop\win32project11\debug\win32project11.exe
c:\users\student\desktop\win32project11\debug\win32project11.pdb
c:\users\student\desktop\win32project11\debug\win32project11.tlog\cl.command.1.tlog
c:\users\student\desktop\win32project11\debug\win32project11.tlog\cl.read.1.tlog
c:\users\student\desktop\win32project11\debug\win32project11.tlog\cl.write.1.tlog
c:\users\student\desktop\win32project11\debug\win32project11.tlog\link.command.1.tlog
c:\users\student\desktop\win32project11\debug\win32project11.tlog\link.read.1.tlog
c:\users\student\desktop\win32project11\debug\win32project11.tlog\link.write.1.tlog
