c:\users\student\documents\visual studio 2015\projects\c++ 3dgame\debug\vc140.pdb
c:\users\student\documents\visual studio 2015\projects\c++ 3dgame\debug\vc140.idb
c:\users\student\documents\visual studio 2015\projects\c++ 3dgame\debug\light.nativecodeanalysis.xml
c:\users\student\documents\visual studio 2015\projects\c++ 3dgame\debug\main.nativecodeanalysis.xml
c:\users\student\documents\visual studio 2015\projects\c++ 3dgame\debug\manager.nativecodeanalysis.xml
c:\users\student\documents\visual studio 2015\projects\c++ 3dgame\debug\meshfield.nativecodeanalysis.xml
c:\users\student\documents\visual studio 2015\projects\c++ 3dgame\debug\model.nativecodeanalysis.xml
c:\users\student\documents\visual studio 2015\projects\c++ 3dgame\debug\number.nativecodeanalysis.xml
c:\users\student\documents\visual studio 2015\projects\c++ 3dgame\debug\object3d.nativecodeanalysis.xml
c:\users\student\documents\visual studio 2015\projects\c++ 3dgame\debug\particle.nativecodeanalysis.xml
c:\users\student\documents\visual studio 2015\projects\c++ 3dgame\debug\player3d.nativecodeanalysis.xml
c:\users\student\documents\visual studio 2015\projects\c++ 3dgame\debug\scene.nativecodeanalysis.xml
c:\users\student\documents\visual studio 2015\projects\c++ 3dgame\debug\scene2d.nativecodeanalysis.xml
c:\users\student\documents\visual studio 2015\projects\c++ 3dgame\debug\scene3d.nativecodeanalysis.xml
c:\users\student\documents\visual studio 2015\projects\c++ 3dgame\debug\scenex.nativecodeanalysis.xml
c:\users\student\documents\visual studio 2015\projects\c++ 3dgame\debug\score.nativecodeanalysis.xml
c:\users\student\documents\visual studio 2015\projects\c++ 3dgame\debug\sound.nativecodeanalysis.xml
c:\users\student\documents\visual studio 2015\projects\c++ 3dgame\debug\texture.nativecodeanalysis.xml
c:\users\student\documents\visual studio 2015\projects\c++ 3dgame\debug\ui.nativecodeanalysis.xml
c:\users\student\documents\visual studio 2015\projects\c++ 3dgame\debug\ui.obj
c:\users\student\documents\visual studio 2015\projects\c++ 3dgame\debug\texture.obj
c:\users\student\documents\visual studio 2015\projects\c++ 3dgame\debug\sound.obj
c:\users\student\documents\visual studio 2015\projects\c++ 3dgame\debug\score.obj
c:\users\student\documents\visual studio 2015\projects\c++ 3dgame\debug\scenex.obj
c:\users\student\documents\visual studio 2015\projects\c++ 3dgame\debug\scene3d.obj
c:\users\student\documents\visual studio 2015\projects\c++ 3dgame\debug\scene2d.obj
c:\users\student\documents\visual studio 2015\projects\c++ 3dgame\debug\scene.obj
c:\users\student\documents\visual studio 2015\projects\c++ 3dgame\debug\player3d.obj
c:\users\student\documents\visual studio 2015\projects\c++ 3dgame\debug\particle.obj
c:\users\student\documents\visual studio 2015\projects\c++ 3dgame\debug\object3d.obj
c:\users\student\documents\visual studio 2015\projects\c++ 3dgame\debug\number.obj
c:\users\student\documents\visual studio 2015\projects\c++ 3dgame\debug\model.obj
c:\users\student\documents\visual studio 2015\projects\c++ 3dgame\debug\meshfield.obj
c:\users\student\documents\visual studio 2015\projects\c++ 3dgame\debug\manager.obj
c:\users\student\documents\visual studio 2015\projects\c++ 3dgame\debug\main.obj
c:\users\student\documents\visual studio 2015\projects\c++ 3dgame\debug\light.obj
c:\users\student\documents\visual studio 2015\projects\c++ 3dgame\debug\camera.nativecodeanalysis.xml
c:\users\student\documents\visual studio 2015\projects\c++ 3dgame\debug\debugproc.nativecodeanalysis.xml
c:\users\student\documents\visual studio 2015\projects\c++ 3dgame\debug\effect.nativecodeanalysis.xml
c:\users\student\documents\visual studio 2015\projects\c++ 3dgame\debug\fade.nativecodeanalysis.xml
c:\users\student\documents\visual studio 2015\projects\c++ 3dgame\debug\gamepad.nativecodeanalysis.xml
c:\users\student\documents\visual studio 2015\projects\c++ 3dgame\debug\hp.nativecodeanalysis.xml
c:\users\student\documents\visual studio 2015\projects\c++ 3dgame\debug\input.nativecodeanalysis.xml
c:\users\student\documents\visual studio 2015\projects\c++ 3dgame\debug\input.obj
c:\users\student\documents\visual studio 2015\projects\c++ 3dgame\debug\hp.obj
c:\users\student\documents\visual studio 2015\projects\c++ 3dgame\debug\gamepad.obj
c:\users\student\documents\visual studio 2015\projects\c++ 3dgame\debug\fade.obj
c:\users\student\documents\visual studio 2015\projects\c++ 3dgame\debug\effect.obj
c:\users\student\documents\visual studio 2015\projects\c++ 3dgame\debug\debugproc.obj
c:\users\student\documents\visual studio 2015\projects\c++ 3dgame\debug\camera.obj
c:\users\student\documents\visual studio 2015\projects\c++ 3dgame\debug\animation.obj
c:\users\student\documents\visual studio 2015\projects\c++ 3dgame\debug\bullet.obj
c:\users\student\documents\visual studio 2015\projects\c++ 3dgame\debug\game.obj
c:\users\student\documents\visual studio 2015\projects\c++ 3dgame\debug\passerby.obj
c:\users\student\documents\visual studio 2015\projects\c++ 3dgame\debug\renderer.obj
c:\users\student\documents\visual studio 2015\projects\c++ 3dgame\debug\shadows.obj
c:\users\student\documents\visual studio 2015\projects\c++ 3dgame\debug\title.obj
c:\users\student\documents\visual studio 2015\projects\c++ 3dgame\debug\ranking.obj
c:\users\student\documents\visual studio 2015\projects\c++ 3dgame\debug\result.obj
c:\users\student\documents\visual studio 2015\projects\c++ 3dgame\debug\purpose.obj
c:\users\student\documents\visual studio 2015\projects\c++ 3dgame\debug\pause.obj
c:\users\student\documents\visual studio 2015\projects\c++ 3dgame\debug\tutorial.obj
c:\users\student\documents\visual studio 2015\projects\c++ 3dgame\debug\c++ 3dgame.ilk
c:\users\student\documents\visual studio 2015\projects\c++ 3dgame\debug\c++ 3dgame.exe
c:\users\student\documents\visual studio 2015\projects\c++ 3dgame\debug\c++ 3dgame.pdb
c:\users\student\documents\visual studio 2015\projects\c++ 3dgame\debug\particle.obj.enc
c:\users\student\documents\visual studio 2015\projects\c++ 3dgame\debug\passerby.obj.enc
c:\users\student\documents\visual studio 2015\projects\c++ 3dgame\debug\player3d.obj.enc
c:\users\student\documents\visual studio 2015\projects\c++ 3dgame\debug\c++ 3dgame.tlog\cl.command.1.tlog
c:\users\student\documents\visual studio 2015\projects\c++ 3dgame\debug\c++ 3dgame.tlog\cl.read.1.tlog
c:\users\student\documents\visual studio 2015\projects\c++ 3dgame\debug\c++ 3dgame.tlog\cl.write.1.tlog
c:\users\student\documents\visual studio 2015\projects\c++ 3dgame\debug\c++ 3dgame.tlog\link.command.1.tlog
c:\users\student\documents\visual studio 2015\projects\c++ 3dgame\debug\c++ 3dgame.tlog\link.read.1.tlog
c:\users\student\documents\visual studio 2015\projects\c++ 3dgame\debug\c++ 3dgame.tlog\link.write.1.tlog
