c:\users\student\desktop\チーム制作用\モーションツール\release\vc140.pdb
c:\users\student\desktop\チーム制作用\モーションツール\release\shadows.obj
c:\users\student\desktop\チーム制作用\モーションツール\release\scenex.obj
c:\users\student\desktop\チーム制作用\モーションツール\release\scene3d.obj
c:\users\student\desktop\チーム制作用\モーションツール\release\scene2d.obj
c:\users\student\desktop\チーム制作用\モーションツール\release\renderer.obj
c:\users\student\desktop\チーム制作用\モーションツール\release\scene.obj
c:\users\student\desktop\チーム制作用\モーションツール\release\player3d.obj
c:\users\student\desktop\チーム制作用\モーションツール\release\passerby.obj
c:\users\student\desktop\チーム制作用\モーションツール\release\object3d.obj
c:\users\student\desktop\チーム制作用\モーションツール\release\model.obj
c:\users\student\desktop\チーム制作用\モーションツール\release\meshfield.obj
c:\users\student\desktop\チーム制作用\モーションツール\release\manager.obj
c:\users\student\desktop\チーム制作用\モーションツール\release\main.obj
c:\users\student\desktop\チーム制作用\モーションツール\release\light.obj
c:\users\student\desktop\チーム制作用\モーションツール\release\input.obj
c:\users\student\desktop\チーム制作用\モーションツール\release\gamepad.obj
c:\users\student\desktop\チーム制作用\モーションツール\release\game.obj
c:\users\student\desktop\チーム制作用\モーションツール\release\fade.obj
c:\users\student\desktop\チーム制作用\モーションツール\release\debugproc.obj
c:\users\student\desktop\チーム制作用\モーションツール\release\camera.obj
c:\users\student\desktop\チーム制作用\モーションツール\release\texture.obj
c:\users\student\desktop\チーム制作用\モーションツール\release\sound.obj
c:\users\student\desktop\チーム制作用\モーションツール\win32project11.exe
c:\users\student\desktop\チーム制作用\モーションツール\win32project11.ipdb
c:\users\student\desktop\チーム制作用\モーションツール\win32project11.iobj
c:\users\student\desktop\チーム制作用\モーションツール\win32project11.pdb
c:\users\student\desktop\チーム制作用\モーションツール\release\animation.obj
c:\users\student\desktop\チーム制作用\モーションツール\release\bg.obj
c:\users\student\desktop\チーム制作用\モーションツール\release\bullet.obj
c:\users\student\desktop\チーム制作用\モーションツール\release\effect.obj
c:\users\student\desktop\チーム制作用\モーションツール\release\enemy.obj
c:\users\student\desktop\チーム制作用\モーションツール\release\explosion.obj
c:\users\student\desktop\チーム制作用\モーションツール\release\game2.obj
c:\users\student\desktop\チーム制作用\モーションツール\release\item.obj
c:\users\student\desktop\チーム制作用\モーションツール\release\life.obj
c:\users\student\desktop\チーム制作用\モーションツール\release\logo.obj
c:\users\student\desktop\チーム制作用\モーションツール\release\menu.obj
c:\users\student\desktop\チーム制作用\モーションツール\release\number.obj
c:\users\student\desktop\チーム制作用\モーションツール\release\particle.obj
c:\users\student\desktop\チーム制作用\モーションツール\release\pause.obj
c:\users\student\desktop\チーム制作用\モーションツール\release\phone.obj
c:\users\student\desktop\チーム制作用\モーションツール\release\player.obj
c:\users\student\desktop\チーム制作用\モーションツール\release\polygon.obj
c:\users\student\desktop\チーム制作用\モーションツール\release\result.obj
c:\users\student\desktop\チーム制作用\モーションツール\release\score.obj
c:\users\student\desktop\チーム制作用\モーションツール\release\select.obj
c:\users\student\desktop\チーム制作用\モーションツール\release\title.obj
c:\users\student\desktop\チーム制作用\モーションツール\release\tutorial.obj
c:\users\student\desktop\チーム制作用\モーションツール\release\win32project11.tlog\cl.command.1.tlog
c:\users\student\desktop\チーム制作用\モーションツール\release\win32project11.tlog\cl.read.1.tlog
c:\users\student\desktop\チーム制作用\モーションツール\release\win32project11.tlog\cl.write.1.tlog
c:\users\student\desktop\チーム制作用\モーションツール\release\win32project11.tlog\link.command.1.tlog
c:\users\student\desktop\チーム制作用\モーションツール\release\win32project11.tlog\link.read.1.tlog
c:\users\student\desktop\チーム制作用\モーションツール\release\win32project11.tlog\link.write.1.tlog
