  Billboard.cpp
  bullet.cpp
  camera.cpp
  Coin.cpp
  fade.cpp
  game.cpp
  gamepad.cpp
  input.cpp
  Item.cpp
  ligth.cpp
  main.cpp
  meshfield.cpp
  model.cpp
  result.cpp
  object.cpp
  title.cpp
  Tutolial.cpp
  wall.cpp
  コード生成しています。
  All 168 functions were compiled because no usable IPDB/IOBJ from previous compilation was found.
  コード生成が終了しました。
  3Dgame.vcxproj -> C:\Users\student\Documents\Visual Studio 2015\Projects\3Dgame\Release\3Dgame.exe
  3Dgame.vcxproj -> C:\Users\student\Documents\Visual Studio 2015\Projects\3Dgame\Release\3Dgame.pdb (Full PDB)
