c:\users\student\desktop\基盤05_外部読み込み＆当たり判定_02\debug\vc140.pdb
c:\users\student\desktop\基盤05_外部読み込み＆当たり判定_02\debug\vc140.idb
c:\users\student\desktop\基盤05_外部読み込み＆当たり判定_02\debug\object3d.obj
c:\users\student\desktop\基盤05_外部読み込み＆当たり判定_02\debug\particle.obj
c:\users\student\desktop\基盤05_外部読み込み＆当たり判定_02\debug\pause.obj
c:\users\student\desktop\基盤05_外部読み込み＆当たり判定_02\debug\phone.obj
c:\users\student\desktop\基盤05_外部読み込み＆当たり判定_02\debug\player.obj
c:\users\student\desktop\基盤05_外部読み込み＆当たり判定_02\debug\player3d.obj
c:\users\student\desktop\基盤05_外部読み込み＆当たり判定_02\debug\polygon.obj
c:\users\student\desktop\基盤05_外部読み込み＆当たり判定_02\debug\result.obj
c:\users\student\desktop\基盤05_外部読み込み＆当たり判定_02\debug\scene.obj
c:\users\student\desktop\基盤05_外部読み込み＆当たり判定_02\debug\renderer.obj
c:\users\student\desktop\基盤05_外部読み込み＆当たり判定_02\debug\scene2d.obj
c:\users\student\desktop\基盤05_外部読み込み＆当たり判定_02\debug\scene3d.obj
c:\users\student\desktop\基盤05_外部読み込み＆当たり判定_02\debug\scenex.obj
c:\users\student\desktop\基盤05_外部読み込み＆当たり判定_02\debug\score.obj
c:\users\student\desktop\基盤05_外部読み込み＆当たり判定_02\debug\select.obj
c:\users\student\desktop\基盤05_外部読み込み＆当たり判定_02\debug\shadows.obj
c:\users\student\desktop\基盤05_外部読み込み＆当たり判定_02\debug\sound.obj
c:\users\student\desktop\基盤05_外部読み込み＆当たり判定_02\debug\texture.obj
c:\users\student\desktop\基盤05_外部読み込み＆当たり判定_02\debug\title.obj
c:\users\student\desktop\基盤05_外部読み込み＆当たり判定_02\debug\tutorial.obj
c:\users\student\desktop\基盤05_外部読み込み＆当たり判定_02\debug\camera.obj
c:\users\student\desktop\基盤05_外部読み込み＆当たり判定_02\debug\debugproc.obj
c:\users\student\desktop\基盤05_外部読み込み＆当たり判定_02\debug\effect.obj
c:\users\student\desktop\基盤05_外部読み込み＆当たり判定_02\debug\enemy.obj
c:\users\student\desktop\基盤05_外部読み込み＆当たり判定_02\debug\explosion.obj
c:\users\student\desktop\基盤05_外部読み込み＆当たり判定_02\debug\fade.obj
c:\users\student\desktop\基盤05_外部読み込み＆当たり判定_02\debug\game.obj
c:\users\student\desktop\基盤05_外部読み込み＆当たり判定_02\debug\game2.obj
c:\users\student\desktop\基盤05_外部読み込み＆当たり判定_02\debug\gamepad.obj
c:\users\student\desktop\基盤05_外部読み込み＆当たり判定_02\debug\input.obj
c:\users\student\desktop\基盤05_外部読み込み＆当たり判定_02\debug\item.obj
c:\users\student\desktop\基盤05_外部読み込み＆当たり判定_02\debug\life.obj
c:\users\student\desktop\基盤05_外部読み込み＆当たり判定_02\debug\light.obj
c:\users\student\desktop\基盤05_外部読み込み＆当たり判定_02\debug\logo.obj
c:\users\student\desktop\基盤05_外部読み込み＆当たり判定_02\debug\main.obj
c:\users\student\desktop\基盤05_外部読み込み＆当たり判定_02\debug\manager.obj
c:\users\student\desktop\基盤05_外部読み込み＆当たり判定_02\debug\menu.obj
c:\users\student\desktop\基盤05_外部読み込み＆当たり判定_02\debug\meshfield.obj
c:\users\student\desktop\基盤05_外部読み込み＆当たり判定_02\debug\model.obj
c:\users\student\desktop\基盤05_外部読み込み＆当たり判定_02\debug\number.obj
c:\users\student\desktop\基盤05_外部読み込み＆当たり判定_02\debug\animation.obj
c:\users\student\desktop\基盤05_外部読み込み＆当たり判定_02\debug\bg.obj
c:\users\student\desktop\基盤05_外部読み込み＆当たり判定_02\debug\bullet.obj
c:\users\student\desktop\基盤05_外部読み込み＆当たり判定_02\debug\win32project11.ilk
c:\users\student\desktop\基盤05_外部読み込み＆当たり判定_02\debug\win32project11.exe
c:\users\student\desktop\基盤05_外部読み込み＆当たり判定_02\debug\win32project11.pdb
c:\users\student\desktop\基盤05_外部読み込み＆当たり判定_02\debug\map.obj
c:\users\student\desktop\基盤05_外部読み込み＆当たり判定_02\debug\bg.obj.enc
c:\users\student\desktop\基盤05_外部読み込み＆当たり判定_02\debug\game.obj.enc
c:\users\student\desktop\基盤05_外部読み込み＆当たり判定_02\debug\meshfield.obj.enc
c:\users\student\desktop\基盤05_外部読み込み＆当たり判定_02\debug\object3d.obj.enc
c:\users\student\desktop\基盤05_外部読み込み＆当たり判定_02\debug\pause.obj.enc
c:\users\student\desktop\基盤05_外部読み込み＆当たり判定_02\debug\player.obj.enc
c:\users\student\desktop\基盤05_外部読み込み＆当たり判定_02\debug\player3d.obj.enc
c:\users\student\desktop\基盤05_外部読み込み＆当たり判定_02\debug\scene.obj.enc
c:\users\student\desktop\基盤05_外部読み込み＆当たり判定_02\debug\texture.obj.enc
c:\users\student\desktop\基盤05_外部読み込み＆当たり判定_02\debug\win32project11.tlog\cl.command.1.tlog
c:\users\student\desktop\基盤05_外部読み込み＆当たり判定_02\debug\win32project11.tlog\cl.read.1.tlog
c:\users\student\desktop\基盤05_外部読み込み＆当たり判定_02\debug\win32project11.tlog\cl.write.1.tlog
c:\users\student\desktop\基盤05_外部読み込み＆当たり判定_02\debug\win32project11.tlog\link.command.1.tlog
c:\users\student\desktop\基盤05_外部読み込み＆当たり判定_02\debug\win32project11.tlog\link.read.1.tlog
c:\users\student\desktop\基盤05_外部読み込み＆当たり判定_02\debug\win32project11.tlog\link.write.1.tlog
