c:\users\student\documents\visual studio 2015\projects\c++ 3dgame\release\vc140.pdb
c:\users\student\documents\visual studio 2015\projects\c++ 3dgame\release\pause.obj
c:\users\student\documents\visual studio 2015\projects\c++ 3dgame\release\passerby.obj
c:\users\student\documents\visual studio 2015\projects\c++ 3dgame\release\particle.obj
c:\users\student\documents\visual studio 2015\projects\c++ 3dgame\release\object3d.obj
c:\users\student\documents\visual studio 2015\projects\c++ 3dgame\release\number.obj
c:\users\student\documents\visual studio 2015\projects\c++ 3dgame\release\model.obj
c:\users\student\documents\visual studio 2015\projects\c++ 3dgame\release\meshfield.obj
c:\users\student\documents\visual studio 2015\projects\c++ 3dgame\release\manager.obj
c:\users\student\documents\visual studio 2015\projects\c++ 3dgame\release\main.obj
c:\users\student\documents\visual studio 2015\projects\c++ 3dgame\release\light.obj
c:\users\student\documents\visual studio 2015\projects\c++ 3dgame\release\input.obj
c:\users\student\documents\visual studio 2015\projects\c++ 3dgame\release\hp.obj
c:\users\student\documents\visual studio 2015\projects\c++ 3dgame\release\gamepad.obj
c:\users\student\documents\visual studio 2015\projects\c++ 3dgame\release\game.obj
c:\users\student\documents\visual studio 2015\projects\c++ 3dgame\release\fade.obj
c:\users\student\documents\visual studio 2015\projects\c++ 3dgame\release\effect.obj
c:\users\student\documents\visual studio 2015\projects\c++ 3dgame\release\debugproc.obj
c:\users\student\documents\visual studio 2015\projects\c++ 3dgame\release\camera.obj
c:\users\student\documents\visual studio 2015\projects\c++ 3dgame\release\bullet.obj
c:\users\student\documents\visual studio 2015\projects\c++ 3dgame\release\animation.obj
c:\users\student\documents\visual studio 2015\projects\c++ 3dgame\release\ui.obj
c:\users\student\documents\visual studio 2015\projects\c++ 3dgame\release\tutorial.obj
c:\users\student\documents\visual studio 2015\projects\c++ 3dgame\release\title.obj
c:\users\student\documents\visual studio 2015\projects\c++ 3dgame\release\texture.obj
c:\users\student\documents\visual studio 2015\projects\c++ 3dgame\release\sound.obj
c:\users\student\documents\visual studio 2015\projects\c++ 3dgame\release\shadows.obj
c:\users\student\documents\visual studio 2015\projects\c++ 3dgame\release\score.obj
c:\users\student\documents\visual studio 2015\projects\c++ 3dgame\release\scenex.obj
c:\users\student\documents\visual studio 2015\projects\c++ 3dgame\release\scene3d.obj
c:\users\student\documents\visual studio 2015\projects\c++ 3dgame\release\scene2d.obj
c:\users\student\documents\visual studio 2015\projects\c++ 3dgame\release\scene.obj
c:\users\student\documents\visual studio 2015\projects\c++ 3dgame\release\result.obj
c:\users\student\documents\visual studio 2015\projects\c++ 3dgame\release\renderer.obj
c:\users\student\documents\visual studio 2015\projects\c++ 3dgame\release\ranking.obj
c:\users\student\documents\visual studio 2015\projects\c++ 3dgame\release\purpose.obj
c:\users\student\documents\visual studio 2015\projects\c++ 3dgame\release\player3d.obj
c:\users\student\documents\visual studio 2015\projects\c++ 3dgame\c++ 3dgame.exe
c:\users\student\documents\visual studio 2015\projects\c++ 3dgame\c++ 3dgame.ipdb
c:\users\student\documents\visual studio 2015\projects\c++ 3dgame\c++ 3dgame.iobj
c:\users\student\documents\visual studio 2015\projects\c++ 3dgame\c++ 3dgame.pdb
c:\users\student\documents\visual studio 2015\projects\c++ 3dgame\release\c++ 3dgame.tlog\cl.command.1.tlog
c:\users\student\documents\visual studio 2015\projects\c++ 3dgame\release\c++ 3dgame.tlog\cl.read.1.tlog
c:\users\student\documents\visual studio 2015\projects\c++ 3dgame\release\c++ 3dgame.tlog\cl.write.1.tlog
c:\users\student\documents\visual studio 2015\projects\c++ 3dgame\release\c++ 3dgame.tlog\link.command.1.tlog
c:\users\student\documents\visual studio 2015\projects\c++ 3dgame\release\c++ 3dgame.tlog\link.read.1.tlog
c:\users\student\documents\visual studio 2015\projects\c++ 3dgame\release\c++ 3dgame.tlog\link.write.1.tlog
