  ui.cpp
c:\users\student\desktop\和画龍点睛\開発環境\main.h(14): fatal error C1083: include ファイルを開けません。'd3dx9.h':No such file or directory
  tutorial.cpp
c:\users\student\desktop\和画龍点睛\開発環境\main.h(14): fatal error C1083: include ファイルを開けません。'd3dx9.h':No such file or directory
  title.cpp
c:\users\student\desktop\和画龍点睛\開発環境\main.h(14): fatal error C1083: include ファイルを開けません。'd3dx9.h':No such file or directory
  sound.cpp
c:\users\student\desktop\和画龍点睛\開発環境\main.h(14): fatal error C1083: include ファイルを開けません。'd3dx9.h':No such file or directory
  score.cpp
c:\users\student\desktop\和画龍点睛\開発環境\main.h(14): fatal error C1083: include ファイルを開けません。'd3dx9.h':No such file or directory
  SceneX.cpp
c:\users\student\desktop\和画龍点睛\開発環境\main.h(14): fatal error C1083: include ファイルを開けません。'd3dx9.h':No such file or directory
  Scene2D.cpp
c:\users\student\desktop\和画龍点睛\開発環境\main.h(14): fatal error C1083: include ファイルを開けません。'd3dx9.h':No such file or directory
  Scene.cpp
c:\users\student\desktop\和画龍点睛\開発環境\main.h(14): fatal error C1083: include ファイルを開けません。'd3dx9.h':No such file or directory
  result.cpp
c:\users\student\desktop\和画龍点睛\開発環境\main.h(14): fatal error C1083: include ファイルを開けません。'd3dx9.h':No such file or directory
  Renderer.cpp
c:\users\student\desktop\和画龍点睛\開発環境\main.h(14): fatal error C1083: include ファイルを開けません。'd3dx9.h':No such file or directory
  ranking.cpp
c:\users\student\desktop\和画龍点睛\開発環境\main.h(14): fatal error C1083: include ファイルを開けません。'd3dx9.h':No such file or directory
  playerattack.cpp
c:\users\student\desktop\和画龍点睛\開発環境\main.h(14): fatal error C1083: include ファイルを開けません。'd3dx9.h':No such file or directory
  player.cpp
c:\users\student\desktop\和画龍点睛\開発環境\main.h(14): fatal error C1083: include ファイルを開けません。'd3dx9.h':No such file or directory
  pause.cpp
c:\users\student\desktop\和画龍点睛\開発環境\main.h(14): fatal error C1083: include ファイルを開けません。'd3dx9.h':No such file or directory
  particle.cpp
c:\users\student\desktop\和画龍点睛\開発環境\main.h(14): fatal error C1083: include ファイルを開けません。'd3dx9.h':No such file or directory
  number.cpp
c:\users\student\desktop\和画龍点睛\開発環境\main.h(14): fatal error C1083: include ファイルを開けません。'd3dx9.h':No such file or directory
  meshwall.cpp
c:\users\student\desktop\和画龍点睛\開発環境\main.h(14): fatal error C1083: include ファイルを開けません。'd3dx9.h':No such file or directory
  meshfield.cpp
c:\users\student\desktop\和画龍点睛\開発環境\main.h(14): fatal error C1083: include ファイルを開けません。'd3dx9.h':No such file or directory
  manager.cpp
c:\users\student\desktop\和画龍点睛\開発環境\main.h(14): fatal error C1083: include ファイルを開けません。'd3dx9.h':No such file or directory
  main.cpp
c:\users\student\desktop\和画龍点睛\開発環境\main.h(14): fatal error C1083: include ファイルを開けません。'd3dx9.h':No such file or directory
  コードを生成中...
  コンパイル中...
  light.cpp
c:\users\student\desktop\和画龍点睛\開発環境\main.h(14): fatal error C1083: include ファイルを開けません。'd3dx9.h':No such file or directory
  life.cpp
c:\users\student\desktop\和画龍点睛\開発環境\main.h(14): fatal error C1083: include ファイルを開けません。'd3dx9.h':No such file or directory
  laser.cpp
c:\users\student\desktop\和画龍点睛\開発環境\main.h(14): fatal error C1083: include ファイルを開けません。'd3dx9.h':No such file or directory
  input.cpp
c:\users\student\desktop\和画龍点睛\開発環境\main.h(14): fatal error C1083: include ファイルを開けません。'd3dx9.h':No such file or directory
  hp.cpp
c:\users\student\desktop\和画龍点睛\開発環境\main.h(14): fatal error C1083: include ファイルを開けません。'd3dx9.h':No such file or directory
  Graze.cpp
c:\users\student\desktop\和画龍点睛\開発環境\main.h(14): fatal error C1083: include ファイルを開けません。'd3dx9.h':No such file or directory
  gamepad.cpp
c:\users\student\desktop\和画龍点睛\開発環境\main.h(14): fatal error C1083: include ファイルを開けません。'd3dx9.h':No such file or directory
  game.cpp
c:\users\student\desktop\和画龍点睛\開発環境\main.h(14): fatal error C1083: include ファイルを開けません。'd3dx9.h':No such file or directory
  fade.cpp
c:\users\student\desktop\和画龍点睛\開発環境\main.h(14): fatal error C1083: include ファイルを開けません。'd3dx9.h':No such file or directory
  explosion.cpp
c:\users\student\desktop\和画龍点睛\開発環境\main.h(14): fatal error C1083: include ファイルを開けません。'd3dx9.h':No such file or directory
  Experience.cpp
c:\users\student\desktop\和画龍点睛\開発環境\main.h(14): fatal error C1083: include ファイルを開けません。'd3dx9.h':No such file or directory
  enemy.cpp
c:\users\student\desktop\和画龍点睛\開発環境\main.h(14): fatal error C1083: include ファイルを開けません。'd3dx9.h':No such file or directory
  effect.cpp
c:\users\student\desktop\和画龍点睛\開発環境\main.h(14): fatal error C1083: include ファイルを開けません。'd3dx9.h':No such file or directory
  Directing.cpp
c:\users\student\desktop\和画龍点睛\開発環境\main.h(14): fatal error C1083: include ファイルを開けません。'd3dx9.h':No such file or directory
  CircleHp.cpp
c:\users\student\desktop\和画龍点睛\開発環境\main.h(14): fatal error C1083: include ファイルを開けません。'd3dx9.h':No such file or directory
  camera.cpp
c:\users\student\desktop\和画龍点睛\開発環境\main.h(14): fatal error C1083: include ファイルを開けません。'd3dx9.h':No such file or directory
  bullet.cpp
c:\users\student\desktop\和画龍点睛\開発環境\main.h(14): fatal error C1083: include ファイルを開けません。'd3dx9.h':No such file or directory
  bomb.cpp
c:\users\student\desktop\和画龍点睛\開発環境\main.h(14): fatal error C1083: include ファイルを開けません。'd3dx9.h':No such file or directory
  bg.cpp
c:\users\student\desktop\和画龍点睛\開発環境\main.h(14): fatal error C1083: include ファイルを開けません。'd3dx9.h':No such file or directory
  コードを生成中...
