  score.cpp
  player.cpp
  meshwall.cpp
  meshfield.cpp
  manager.cpp
  main.cpp
  game.cpp
  bullet.cpp
  Scene2D.cpp
  Renderer.cpp
c:\users\student\desktop\c++shotinggame\renderer.cpp(392): warning C4101: 'pBuffDef': ローカル変数は 1 度も使われていません。
c:\users\student\desktop\c++shotinggame\renderer.cpp(391): warning C4101: 'pRenderWK': ローカル変数は 1 度も使われていません。
c:\users\student\desktop\c++shotinggame\renderer.cpp(390): warning C4101: 'pTextureWK': ローカル変数は 1 度も使われていません。
c:\users\student\desktop\c++shotinggame\renderer.cpp(392): warning C4101: 'pRenderDef': ローカル変数は 1 度も使われていません。
  コードを生成中...
  コンパイル中...
  ui.cpp
  tutorial.cpp
  title.cpp
  result.cpp
  ranking.cpp
  playerattack.cpp
  pause.cpp
  particle.cpp
  number.cpp
  life.cpp
  laser.cpp
  hp.cpp
  fade.cpp
  explosion.cpp
  enemy.cpp
  effect.cpp
  camera.cpp
  bomb.cpp
  bg.cpp
  SceneX.cpp
  コードを生成中...
  コンパイル中...
  Scene.cpp
  Graze.cpp
  Experience.cpp
  Directing.cpp
  CircleHp.cpp
  コードを生成中...
  スキップ中... (関連する変更は検出されませんでした)
  light.cpp
  C++shotinggame.vcxproj -> C:\Users\student\Desktop\C++shotinggame\Debug\C++shotinggame.exe
  C++shotinggame.vcxproj -> C:\Users\student\Desktop\C++shotinggame\Debug\C++shotinggame.pdb (Full PDB)
